[INFO] Scanning for projects...
[INFO] 
[INFO] ---------------------< com.creditscoring:backend >----------------------
[INFO] Building CreditScoringBackend 0.0.1-SNAPSHOT
[INFO]   from pom.xml
[INFO] --------------------------------[ jar ]---------------------------------
[INFO] 
[INFO] >>> spring-boot:3.5.0:run (default-cli) > test-compile @ backend >>>
[INFO] 
[INFO] --- resources:3.3.1:resources (default-resources) @ backend ---
[INFO] Copying 1 resource from src\main\resources to target\classes
[INFO] Copying 0 resource from src\main\resources to target\classes
[INFO] 
[INFO] --- compiler:3.14.0:compile (default-compile) @ backend ---
[INFO] Nothing to compile - all classes are up to date.
[INFO] 
[INFO] --- resources:3.3.1:testResources (default-testResources) @ backend ---
[INFO] skip non existing resourceDirectory E:\DataTien\HUST\Code\Thesis\CreditScoring-V2\backend\src\test\resources
[INFO] 
[INFO] --- compiler:3.14.0:testCompile (default-testCompile) @ backend ---
[INFO] Nothing to compile - all classes are up to date.
[INFO] 
[INFO] <<< spring-boot:3.5.0:run (default-cli) < test-compile @ backend <<<
[INFO] 
[INFO] 
[INFO] --- spring-boot:3.5.0:run (default-cli) @ backend ---
[INFO] Attaching agents: []

  .   ____          _            __ _ _
 /\\ / ___'_ __ _ _(_)_ __  __ _ \ \ \ \
( ( )\___ | '_ | '_| | '_ \/ _` | \ \ \ \
 \\/  ___)| |_)| | | | | || (_| |  ) ) ) )
  '  |____| .__|_| |_|_| |_\__, | / / / /
 =========|_|==============|___/=/_/_/_/

 :: Spring Boot ::                (v3.5.0)

2026-04-06T15:23:58.024+07:00  INFO 28356 --- [CreditScoringBackend] [           main] c.c.CreditScoringBackendApplication      : Starting CreditScoringBackendApplication using Java 21.0.2 with PID 28356 (E:\DataTien\HUST\Code\Thesis\CreditScoring-V2\backend\target\classes started by kingt in E:\DataTien\HUST\Code\Thesis\CreditScoring-V2\backend)
2026-04-06T15:23:58.031+07:00  INFO 28356 --- [CreditScoringBackend] [           main] c.c.CreditScoringBackendApplication      : No active profile set, falling back to 1 default profile: "default"
2026-04-06T15:24:00.766+07:00  INFO 28356 --- [CreditScoringBackend] [           main] .s.d.r.c.RepositoryConfigurationDelegate : Bootstrapping Spring Data MongoDB repositories in DEFAULT mode.
2026-04-06T15:24:01.049+07:00  INFO 28356 --- [CreditScoringBackend] [           main] .s.d.r.c.RepositoryConfigurationDelegate : Finished Spring Data repository scanning in 264 ms. Found 1 MongoDB repository interface.
2026-04-06T15:24:02.939+07:00  INFO 28356 --- [CreditScoringBackend] [           main] o.s.b.w.embedded.tomcat.TomcatWebServer  : Tomcat initialized with port 8080 (http)
2026-04-06T15:24:02.981+07:00  INFO 28356 --- [CreditScoringBackend] [           main] o.apache.catalina.core.StandardService   : Starting service [Tomcat]
2026-04-06T15:24:02.981+07:00  INFO 28356 --- [CreditScoringBackend] [           main] o.apache.catalina.core.StandardEngine    : Starting Servlet engine: [Apache Tomcat/10.1.41]
2026-04-06T15:24:03.206+07:00  INFO 28356 --- [CreditScoringBackend] [           main] o.a.c.c.C.[Tomcat].[localhost].[/]       : Initializing Spring embedded WebApplicationContext
2026-04-06T15:24:03.209+07:00  INFO 28356 --- [CreditScoringBackend] [           main] w.s.c.ServletWebServerApplicationContext : Root WebApplicationContext: initialization completed in 5040 ms
2026-04-06T15:24:03.806+07:00  INFO 28356 --- [CreditScoringBackend] [           main] org.mongodb.driver.client                : MongoClient with metadata {"driver": {"name": "mongo-java-driver|sync|spring-boot", "version": "5.4.0"}, "os": {"type": "Windows", "name": "Windows 11", "architecture": "amd64", "version": "10.0"}, "platform": "Java/Oracle Corporation/21.0.2+13-LTS-58"} created with settings MongoClientSettings{readPreference=primary, writeConcern=WriteConcern{w=null, wTimeout=null ms, journal=null}, retryWrites=true, retryReads=true, readConcern=ReadConcern{level=null}, credential=null, transportSettings=null, commandListeners=[], codecRegistry=ProvidersCodecRegistry{codecProviders=[ValueCodecProvider{}, BsonValueCodecProvider{}, DBRefCodecProvider{}, DBObjectCodecProvider{}, DocumentCodecProvider{}, CollectionCodecProvider{}, IterableCodecProvider{}, MapCodecProvider{}, GeoJsonCodecProvider{}, GridFSFileCodecProvider{}, Jsr310CodecProvider{}, JsonObjectCodecProvider{}, BsonCodecProvider{}, EnumCodecProvider{}, com.mongodb.client.model.mql.ExpressionCodecProvider@329dc214, com.mongodb.Jep395RecordCodecProvider@fbe70d8, com.mongodb.KotlinCodecProvider@64021427]}, loggerSettings=LoggerSettings{maxDocumentLength=1000}, clusterSettings={hosts=[localhost:27017], srvServiceName=mongodb, mode=SINGLE, requiredClusterType=UNKNOWN, requiredReplicaSetName='null', serverSelector='null', clusterListeners='[]', serverSelectionTimeout='30000 ms', localThreshold='15 ms'}, socketSettings=SocketSettings{connectTimeoutMS=10000, readTimeoutMS=0, receiveBufferSize=0, proxySettings=ProxySettings{host=null, port=null, username=null, password=null}}, heartbeatSocketSettings=SocketSettings{connectTimeoutMS=10000, readTimeoutMS=10000, receiveBufferSize=0, proxySettings=ProxySettings{host=null, port=null, username=null, password=null}}, connectionPoolSettings=ConnectionPoolSettings{maxSize=100, minSize=0, maxWaitTimeMS=120000, maxConnectionLifeTimeMS=0, maxConnectionIdleTimeMS=0, maintenanceInitialDelayMS=0, maintenanceFrequencyMS=60000, connectionPoolListeners=[], maxConnecting=2}, serverSettings=ServerSettings{heartbeatFrequencyMS=10000, minHeartbeatFrequencyMS=500, serverMonitoringMode=AUTO, serverListeners='[]', serverMonitorListeners='[]'}, sslSettings=SslSettings{enabled=false, invalidHostNameAllowed=false, context=null}, applicationName='null', compressorList=[], uuidRepresentation=JAVA_LEGACY, serverApi=null, autoEncryptionSettings=null, dnsClient=null, inetAddressResolver=null, contextProvider=null, timeoutMS=null}
2026-04-06T15:24:03.894+07:00  INFO 28356 --- [CreditScoringBackend] [localhost:27017] org.mongodb.driver.cluster               : Monitor thread successfully connected to server with description ServerDescription{address=localhost:27017, type=STANDALONE, cryptd=false, state=CONNECTED, ok=true, minWireVersion=0, maxWireVersion=27, maxDocumentSize=16777216, logicalSessionTimeoutMinutes=30, roundTripTimeNanos=80523300, minRoundTripTimeNanos=0}
2026-04-06T15:24:04.055+07:00  WARN 28356 --- [CreditScoringBackend] [           main] o.s.data.convert.CustomConversions       : Registering converter from interface java.util.List to interface org.springframework.data.domain.Vector as reading converter although it doesn't convert from a store-supported type; You might want to check your annotation setup at the converter implementation
2026-04-06T15:24:04.268+07:00  WARN 28356 --- [CreditScoringBackend] [           main] o.s.data.convert.CustomConversions       : Registering converter from interface java.util.List to interface org.springframework.data.domain.Vector as reading converter although it doesn't convert from a store-supported type; You might want to check your annotation setup at the converter implementation
2026-04-06T15:24:05.905+07:00  WARN 28356 --- [CreditScoringBackend] [           main] .s.s.UserDetailsServiceAutoConfiguration : 

Using generated security password: e44c0fea-9a57-4238-bbec-48bd669926d7

This generated password is for development use only. Your security configuration must be updated before running your application in production.

2026-04-06T15:24:05.926+07:00  INFO 28356 --- [CreditScoringBackend] [           main] r$InitializeUserDetailsManagerConfigurer : Global AuthenticationManager configured with UserDetailsService bean with name inMemoryUserDetailsManager
2026-04-06T15:24:07.121+07:00  INFO 28356 --- [CreditScoringBackend] [           main] o.s.b.w.embedded.tomcat.TomcatWebServer  : Tomcat started on port 8080 (http) with context path '/'
2026-04-06T15:24:07.139+07:00  INFO 28356 --- [CreditScoringBackend] [           main] c.c.CreditScoringBackendApplication      : Started CreditScoringBackendApplication in 10.445 seconds (process running for 11.536)
? Database already has users, skipping seed.
